{"/Users/giltroymeren/Projects/exercises-react/customer-app/src/stores/users.ts": {"path":"/Users/giltroymeren/Projects/exercises-react/customer-app/src/stores/users.ts","statementMap":{"0":{"start":{"line":16,"column":28},"end":{"line":19,"column":1}},"1":{"start":{"line":21,"column":29},"end":{"line":28,"column":3}},"2":{"start":{"line":21,"column":63},"end":{"line":28,"column":1}},"3":{"start":{"line":23,"column":21},"end":{"line":23,"column":35}},"4":{"start":{"line":24,"column":28},"end":{"line":24,"column":39}},"5":{"start":{"line":26,"column":4},"end":{"line":26,"column":22}}},"fnMap":{"0":{"name":"(anonymous_0)","decl":{"start":{"line":21,"column":53},"end":{"line":21,"column":54}},"loc":{"start":{"line":21,"column":63},"end":{"line":28,"column":1}},"line":21},"1":{"name":"(anonymous_1)","decl":{"start":{"line":23,"column":10},"end":{"line":23,"column":11}},"loc":{"start":{"line":23,"column":21},"end":{"line":23,"column":35}},"line":23},"2":{"name":"(anonymous_2)","decl":{"start":{"line":24,"column":10},"end":{"line":24,"column":11}},"loc":{"start":{"line":24,"column":28},"end":{"line":24,"column":39}},"line":24},"3":{"name":"(anonymous_3)","decl":{"start":{"line":25,"column":9},"end":{"line":25,"column":10}},"loc":{"start":{"line":25,"column":15},"end":{"line":27,"column":3}},"line":25}},"branchMap":{},"s":{"0":1,"1":1,"2":1,"3":0,"4":0,"5":0},"f":{"0":1,"1":0,"2":0,"3":0},"b":{},"_coverageSchema":"1a1c01bbd47fc00a2c39e90264f33305004495a9","hash":"6da79a47f038018ade8c23e4a974b50ca185bff8"}
}
